<?xml version="1.0" encoding="UTF-8"?>
<testng-results ignored="0" total="1" passed="1" failed="0" skipped="0">
  <reporter-output>
  </reporter-output>
  <suite started-at="2024-02-05T14:23:00 WET" name="APITest" finished-at="2024-02-05T14:23:08 WET" duration-ms="7310">
    <groups>
    </groups>
    <test started-at="2024-02-05T14:23:00 WET" name="Command line test" finished-at="2024-02-05T14:23:08 WET" duration-ms="7310">
      <class name="APITest">
        <test-method signature="test1()[pri:0, instance:APITest@6a396c1e]" started-at="2024-02-05T14:23:00 WET" name="test1" finished-at="2024-02-05T14:23:08 WET" duration-ms="7287" status="PASS">
          <reporter-output>
          </reporter-output>
        </test-method> <!-- test1 -->
      </class> <!-- APITest -->
    </test> <!-- Command line test -->
  </suite> <!-- APITest -->
</testng-results>
