<?xml version="1.0" encoding="UTF-8"?>
<testng-results ignored="0" total="1" passed="1" failed="0" skipped="0">
  <reporter-output>
  </reporter-output>
  <suite started-at="2024-02-06T15:59:21 WET" name="Default Suite" finished-at="2024-02-06T15:59:23 WET" duration-ms="2142">
    <groups>
    </groups>
    <test started-at="2024-02-06T15:59:21 WET" name="RESTassuredProject1" finished-at="2024-02-06T15:59:23 WET" duration-ms="2142">
      <class name="APITest">
        <test-method signature="test1()[pri:0, instance:APITest@75f9eccc]" started-at="2024-02-06T15:59:21 WET" name="test1" finished-at="2024-02-06T15:59:23 WET" duration-ms="2118" status="PASS">
          <reporter-output>
          </reporter-output>
        </test-method> <!-- test1 -->
      </class> <!-- APITest -->
    </test> <!-- RESTassuredProject1 -->
  </suite> <!-- Default Suite -->
</testng-results>
